[2022-02-12 18:02:00,323 : INFO : PredictOutput] - predicted the compressive strength as 21.577299118041992
[2022-02-12 18:02:09,612 : INFO : PredictOutput] - predicted the compressive strength as 21.577299118041992
[2022-02-12 18:02:19,128 : INFO : PredictOutput] - predicted the compressive strength as 24.602123260498047
[2022-02-12 18:02:28,323 : INFO : PredictOutput] - predicted the compressive strength as 55.061622619628906
[2022-02-12 18:02:34,139 : INFO : PredictOutput] - predicted the compressive strength as 55.061622619628906
[2022-02-12 18:05:21,069 : INFO : PredictOutput] - predicted the compressive strength as 48.39849090576172
[2022-02-12 18:06:26,295 : INFO : PredictOutput] - predicted the compressive strength as 33.309478759765625
[2022-02-12 18:06:35,938 : INFO : PredictOutput] - predicted the compressive strength as 33.04126739501953
[2022-02-12 18:06:42,339 : INFO : PredictOutput] - predicted the compressive strength as 33.04126739501953
[2022-02-12 18:06:50,841 : INFO : PredictOutput] - predicted the compressive strength as 32.60751724243164
[2022-02-12 18:06:56,006 : INFO : PredictOutput] - predicted the compressive strength as 32.60751724243164
[2022-02-12 18:10:37,227 : INFO : PredictOutput] - null column details identified
[2022-02-12 18:10:37,243 : INFO : PredictOutput] - all null values are imputed
[2022-02-12 18:10:37,633 : INFO : PredictOutput] - applied logtransformation on data
[2022-02-12 18:10:37,638 : INFO : PredictOutput] - applied standered scaling on data
[2022-02-12 18:48:52,790 : INFO : PredictOutput] - predicted the compressive strength as 36.46864700317383
[2022-02-12 18:49:12,290 : INFO : PredictOutput] - predicted the compressive strength as 36.56821823120117
[2022-02-12 18:49:30,818 : INFO : PredictOutput] - null column details identified
[2022-02-12 18:49:30,836 : INFO : PredictOutput] - all null values are imputed
[2022-02-12 18:49:31,160 : INFO : PredictOutput] - applied logtransformation on data
[2022-02-12 18:49:31,164 : INFO : PredictOutput] - applied standered scaling on data
[2022-02-12 19:12:57,099 : INFO : PredictOutput] - predicted the compressive strength as 5.544120788574219
[2022-02-12 19:16:04,704 : INFO : PredictOutput] - predicted the compressive strength as 5.544120788574219
