[2022-02-10 14:05:49,442 : INFO : preprocessTraindata] - found null values in 0 columns
[2022-02-10 14:05:49,458 : INFO : preprocessTraindata] - imputed all missing value in the data
[2022-02-10 14:05:49,461 : INFO : preprocessTraindata] - data saparated to features and labels
[2022-02-10 14:05:50,048 : INFO : preprocessTraindata] - applied logarithamic transformation to the data
[2022-02-10 14:05:50,065 : INFO : preprocessTraindata] - Std_Scaler scaler saved in directory
[2022-02-10 14:05:50,076 : INFO : preprocessTraindata] - training data is scaled using standered scaler
[2022-02-10 14:05:50,082 : INFO : preprocessTraindata] - data splitted to train and test data sets
[2022-02-10 21:11:45,253 : INFO : PredictOutput] - predicted the compressive strength as 12.660175323486328
[2022-02-10 21:11:51,236 : INFO : PredictOutput] - predicted the compressive strength as 12.660175323486328
[2022-02-10 21:11:57,773 : INFO : PredictOutput] - predicted the compressive strength as 12.660175323486328
[2022-02-10 21:12:03,585 : INFO : PredictOutput] - predicted the compressive strength as 2.7902777194976807
[2022-02-10 21:12:09,474 : INFO : PredictOutput] - predicted the compressive strength as 35.120140075683594
[2022-02-10 21:12:19,479 : INFO : PredictOutput] - predicted the compressive strength as 35.120140075683594
[2022-02-10 21:36:29,169 : INFO : PredictOutput] - predicted the compressive strength as 78.25615692138672
[2022-02-10 21:36:57,236 : INFO : PredictOutput] - predicted the compressive strength as 64.68873596191406
[2022-02-11 19:56:19,722 : INFO : preprocessData] - found null values in 0 columns
[2022-02-11 19:56:19,733 : INFO : preprocessData] - imputed all missing value in the data
[2022-02-11 19:56:19,740 : INFO : preprocessData] - data saparated to features and labels
[2022-02-11 19:56:20,000 : INFO : preprocessData] - applied logarithamic transformation to the data
[2022-02-11 19:56:20,011 : INFO : preprocessData] - Std_Scaler scaler saved in directory
[2022-02-11 19:56:20,023 : INFO : preprocessData] - training data is scaled using standered scaler
[2022-02-11 19:56:20,033 : INFO : preprocessData] - data splitted to train and test data sets
